#
#    The ANU Nilpotent Quotient Program (Version 2.5.2)
#    Calculating a nilpotent quotient
#    Input: ./mp.nq
#    Nilpotency class: 4
#    Program: /usr/local/src/gap/pkg/nq-2.5.2/nq
#    Size of exponents: 8 bytes
#
#    Calculating the abelian quotient ...
#    Time spent on the integer matrix: 0 msec.
#    Maximal entry: 64
#    The abelian quotient has 5 generators
#        with the following exponents: 4 8 256 0 0
#
#    Calculating the class 2 quotient ...
##  Sizes:  5  23
#    Time spent on the integer matrix: 1 msec.
#    Maximal entry: 512
#    Layer 2 of the lower central series has 10 generators
#          with the following exponents: 4 4 8 4 8 256 4 8 256 0
#
#    Calculating the class 3 quotient ...
##  Sizes:  5  15  82
#    Time spent on the integer matrix: 3 msec.
#    Maximal entry: 256
#    Layer 3 of the lower central series has 40 generators
#          with the following exponents: 4 4 4 4 4 4 8 8 4 4 4 4 4 8 8 8 4 8 256 256 4 4 4 4 4 4 8 8 8 8 4 8 256 256 256 4 8 256 256 0
#
#    Calculating the class 4 quotient ...
##  Sizes:  5  15  55  321
#    Time spent on the integer matrix: 72 msec.
#    Maximal entry: 65536
#    Layer 4 of the lower central series has 148 generators
#          with the following exponents: 2 4 4 4 4 4 4 4 4 4 4 4 4 4 8 4 8 8 4 4 4 4 4 4 4 4 4 4 4 4 4 4 4 4 4 4 8 8 4 8 8 4 8 8 8 4 4 4 4 4 8 8 8 4 8 256 4 8 256 256 4 4 4 4 4 4 4 4 4 4 4 4 4 4 4 4 4 4 4 4 4 4 4 4 4 4 4 8 8 8 4 8 8 8 4 8 8 8 4 8 8 8 8 4 4 4 4 4 4 8 8 8 8 4 8 256 256 4 8 256 256 4 8 256 256 256 2 2 4 4 2 4 8 8 4 8 256 256 256 4 8 128 256 4 8 256 256 0
#


#    The epimorphism :
#    x1 |---> A
#    x2 |---> B
#    x3 |---> C
#    x4 |---> D
#    x5 |---> E
#    xi1 |---> Z1*A2^2*B2^2
#    xi2 |---> Y1^3*A2^2*B2^2*J7^128
#    xi3 |---> Y1^2*Z1^6
#    w1 |---> J7^128
#    w2 |---> J7^128


#    The nilpotent quotient :
    <A,B,C,D,E,F,G,H,I,J,K,L,M,N,O,P,Q,R,S,T,U,V,W,X,Y,Z,A1,B1,C1,D1,E1,F1,G1,H1,I1,J1,K1,L1,M1,N1,O1,P1,Q1,R1,S1,T1,U1,V1,W1,X1,Y1,Z1,A2,B2,C2,D2,E2,F2,G2,H2,I2,J2,K2,L2,M2,N2,O2,P2,Q2,R2,S2,T2,U2,V2,W2,X2,Y2,Z2,A3,B3,C3,D3,E3,F3,G3,H3,I3,J3,K3,L3,M3,N3,O3,P3,Q3,R3,S3,T3,U3,V3,W3,X3,Y3,Z3,A4,B4,C4,D4,E4,F4,G4,H4,I4,J4,K4,L4,M4,N4,O4,P4,Q4,R4,S4,T4,U4,V4,W4,X4,Y4,Z4,A5,B5,C5,D5,E5,F5,G5,H5,I5,J5,K5,L5,M5,N5,O5,P5,Q5,R5,S5,T5,U5,V5,W5,X5,Y5,Z5,A6,B6,C6,D6,E6,F6,G6,H6,I6,J6,K6,L6,M6,N6,O6,P6,Q6,R6,S6,T6,U6,V6,W6,X6,Y6,Z6,A7,B7,C7,D7,E7,F7,G7,H7,I7,J7,K7,L7,M7,N7,O7,P7,Q7,R7,S7,T7,U7
      |
        A^4 = Z1^7*A2^254*B2^254*J7^128,
        B^8 = Y1*A2^254*B2^254,
        C^256 = Y1^2*Z1^2,
        F^4 = P^2*D7*I7^2*N7^2,
        G^4 = R^2*E7*J7^2*O7^2,
        H^8 = V^4*A7*E7^2*J7^2*O7^2,
        I^4 = X^2*F7*K7^2*P7^2,
        J^8 = C1^4*B7^3*K7^2*P7^2,
        K^256 = H1^128*B7^2*F7^6,
        L^4 = J1^2*G7*L7^2*T7^2,
        M^8 = P1^4*C7^3*L7^2*T7^2,
        N^256 = V1^128*C7^2*G7^6,
        P^4 = E2^2*Z6*H7^2*J7^192*M7^2*O7^64,
        Q^4 = E2^2,
        R^4 = G2^2,
        S^4 = H2^2,
        T^4 = K2^2,
        U^4 = N2^2,
        V^8 = R2^4,
        W^8 = T2^4,
        X^4 = V2^2,
        Y^4 = W2^2,
        Z^4 = X2^2,
        A1^4 = E3^2,
        B1^4 = I3^2,
        C1^8 = N3^4,
        D1^8 = O3^4,
        E1^8 = T3^4,
        F1^4 = W3^2,
        G1^8 = B4^4,
        H1^256 = G4^128,
        I1^256 = J4^128,
        J1^4 = L4^2,
        K1^4 = M4^2,
        L1^4 = N4^2,
        M1^4 = O4^2,
        N1^4 = B5^2,
        O1^4 = G5^2,
        P1^8 = M5^4,
        Q1^8 = N5^4,
        R1^8 = O5^4,
        S1^8 = Y5^4,
        T1^4 = C6^2,
        U1^8 = I6^4,
        V1^256 = O6^128,
        W1^256 = P6^128,
        X1^256 = W6^128,
        Y1^4 = J7^128,
        Z1^8 = J7^128,
        A2^256 = J7^128,
        B2^256 = J7^128,
        D2^2 = E2^2*Z6*H7^2*J7^192*M7^2*O7^64,
        E2^4,
        F2^4,
        G2^4,
        H2^4,
        I2^4,
        J2^4,
        K2^4,
        L2^4,
        M2^4,
        N2^4,
        O2^4,
        P2^4,
        Q2^4,
        R2^8,
        S2^4,
        T2^8,
        U2^8,
        V2^4,
        W2^4,
        X2^4,
        Y2^4,
        Z2^4,
        A3^4,
        B3^4,
        C3^4,
        D3^4,
        E3^4,
        F3^4,
        G3^4,
        H3^4,
        I3^4,
        J3^4,
        K3^4,
        L3^4,
        M3^4,
        N3^8,
        O3^8,
        P3^4,
        Q3^8,
        R3^8,
        S3^4,
        T3^8,
        U3^8,
        V3^8,
        W3^4,
        X3^4,
        Y3^4,
        Z3^4,
        A4^4,
        B4^8,
        C4^8,
        D4^8,
        E4^4,
        F4^8,
        G4^256,
        H4^4,
        I4^8,
        J4^256,
        K4^256,
        L4^4,
        M4^4,
        N4^4,
        O4^4,
        P4^4,
        Q4^4,
        R4^4,
        S4^4,
        T4^4,
        U4^4,
        V4^4,
        W4^4,
        X4^4,
        Y4^4,
        Z4^4,
        A5^4,
        B5^4,
        C5^4,
        D5^4,
        E5^4,
        F5^4,
        G5^4,
        H5^4,
        I5^4,
        J5^4,
        K5^4,
        L5^4,
        M5^8,
        N5^8,
        O5^8,
        P5^4,
        Q5^8,
        R5^8,
        S5^8,
        T5^4,
        U5^8,
        V5^8,
        W5^8,
        X5^4,
        Y5^8,
        Z5^8,
        A6^8,
        B6^8,
        C6^4,
        D6^4,
        E6^4,
        F6^4,
        G6^4,
        H6^4,
        I6^8,
        J6^8,
        K6^8,
        L6^8,
        M6^4,
        N6^8,
        O6^256,
        P6^256,
        Q6^4,
        R6^8,
        S6^256,
        T6^256,
        U6^4,
        V6^8,
        W6^256,
        X6^256,
        Y6^256,
        Z6^2 = J7^128,
        A7^2 = E7^2,
        B7^4,
        C7^4,
        D7^2 = I7^4*J7^64*N7^4*O7^64,
        E7^4,
        F7^8,
        G7^8,
        H7^4,
        I7^8,
        J7^256,
        K7^256,
        L7^256,
        M7^4,
        N7^8,
        O7^128,
        P7^256,
        Q7^4,
        R7^8,
        S7^256,
        T7^256,
        B^A           =: B*F,
        C^A           =: C*G,
        C^B           =: C*H,
        D^A           =: D*I,
        D^B           =: D*J,
        D^C           =: D*K,
        E^A           =: E*L,
        E^B           =: E*M,
        E^C           =: E*N,
        E^D           =: E*O,
        E^(D^-1)      =  E*O^-1*B2*P7^255,
        F^A           =: F*P,
        F^B           =: F*Q,
        F^C           =  F*S*U^3*H2^3*I2*N2^2*O2^3*P2^3*Q2*S2,
        F^D           =  F*Y*B1^3*W2^3*Y2*I3^2*J3^3*L3^3*M3*S3,
        F^(D^-1)      =  F*Y^3*B1*W2^3*Y2^3*F3*J3*L3^3*M3^3,
        F^E           =  F*K1*O1^3*M4^3*P4*G5^2*H5^3*K5^3*L5*X5,
        F^(E^-1)      =  F*K1^3*O1*M4^3*P4^3*C5*H5*K5^3*L5^3,
        G^A           =: G*R,
        G^B           =: G*S,
        G^C           =: G*T,
        G^D           =  G*Z*F1^3*X2^3*B3*W3^2*Y3^3*Z3^3*E4*H4,
        G^(D^-1)      =  G*Z^3*F1*X2^3*B3^3*G3*Y3*Z3^3*E4^3,
        G^E           =  G*L1*T1^3*N4^3*T4*C6^2*E6^3*G6^3*M6*U6,
        G^(E^-1)      =  G*L1^3*T1*N4^3*T4^3*D5*E6*G6^3*M6^3,
        G^F           =  G*H2^3*I2,
        H^A           =: H*U,
        H^B           =: H*V,
        H^C           =: H*W,
        H^D           =  H*D1*G1^7*O3^7*Q3*B4^4*C4^7*D4^7*F4*I4,
        H^(D^-1)      =  H*D1^7*G1*O3^5*Q3^7*U3*C4*D4^7*F4^7,
        H^E           =  H*Q1*U1^7*N5^7*Q5*I6^4*J6^7*L6^7*N6*V6,
        H^(E^-1)      =  H*Q1^7*U1*N5^5*Q5^7*Z5*J6*L6^7*N6^7,
        H^F           =  H*O2^3*Q2,
        H^G           =  H*P2^3*S2,
        I^A           =: I*X,
        I^B           =: I*Y,
        I^C           =: I*Z,
        I^D           =: I*A1,
        I^(D^-1)      =  I*A1^3*E3^2*H3,
        I^E           =  I*M1*Y1^3*O4^3*X4*B7^3*C7^3*J7^128*M7*Q7,
        I^(E^-1)      =  I*M1^3*Y1*O4^3*X4^3*E5*B7*C7^3*M7^3,
        I^F           =  I*W2^3*Y2,
        I^G           =  I*X2^3*B3,
        I^H           =  I*A3^3*C3,
        J^A           =: J*B1,
        J^B           =: J*C1,
        J^C           =: J*D1,
        J^D           =: J*E1,
        J^(D^-1)      =  J*E1^7*T3^4*V3,
        J^E           =  J*R1*Z1^7*O5^7*U5*F7^7*G7^7*J7^128*N7*R7,
        J^(E^-1)      =  J*R1^7*Z1*O5^5*U5^7*A6*F7*G7^7*N7^7,
        J^F           =  J*J3^3*M3,
        J^G           =  J*K3^3*P3,
        J^H           =  J*O3^7*Q3,
        J^I           =  J*L3^3*S3,
        K^A           =: K*F1,
        K^B           =: K*G1,
        K^C           =: K*H1,
        K^D           =: K*I1,
        K^(D^-1)      =  K*I1^255*J4^128*K4,
        K^E           =  K*W1*A2^255*P6^255*S6*J7^128*K7^255*L7^255*O7*S7,
        K^(E^-1)      =  K*W1^255*A2*P6^129*S6^255*X6*K7*L7^255*O7^127,
        K^F           =  K*X3^3*A4,
        K^G           =  K*Y3^3*E4,
        K^H           =  K*C4^7*F4,
        K^I           =  K*Z3^3*H4,
        K^J           =  K*D4^7*I4,
        L^A           =: L*J1,
        L^B           =: L*K1,
        L^C           =: L*L1,
        L^D           =: L*M1,
        L^(D^-1)      =  L*M1^3*O4^2*A5,
        L^E           =: L*N1,
        L^(E^-1)      =  L*N1^3*B5^2*F5,
        L^F           =  L*M4^3*P4,
        L^G           =  L*N4^3*T4,
        L^H           =  L*R4^3*U4,
        L^I           =  L*O4^3*X4,
        L^J           =  L*S4^3*Y4,
        L^K           =  L*W4^3*Z4,
        M^A           =: M*O1,
        M^B           =: M*P1,
        M^C           =: M*Q1,
        M^D           =: M*R1,
        M^(D^-1)      =  M*R1^7*O5^4*W5,
        M^E           =: M*S1,
        M^(E^-1)      =  M*S1^7*Y5^4*B6,
        M^F           =  M*H5^3*L5,
        M^G           =  M*I5^3*P5,
        M^H           =  M*N5^7*Q5,
        M^I           =  M*J5^3*T5,
        M^J           =  M*O5^7*U5,
        M^K           =  M*S5^7*V5,
        M^L           =  M*K5^3*X5,
        N^A           =: N*T1,
        N^B           =: N*U1,
        N^C           =: N*V1,
        N^D           =: N*W1,
        N^(D^-1)      =  N*W1^255*P6^128*T6,
        N^E           =: N*X1,
        N^(E^-1)      =  N*X1^255*W6^128*Y6,
        N^F           =  N*D6^3*H6,
        N^G           =  N*E6^3*M6,
        N^H           =  N*J6^7*N6,
        N^I           =  N*F6^3*Q6,
        N^J           =  N*K6^7*R6,
        N^K           =  N*P6^255*S6,
        N^L           =  N*G6^3*U6,
        N^M           =  N*L6^7*V6,
        O^A           =: O*Y1,
        O^B           =: O*Z1,
        O^C           =: O*A2,
        O^D           =: O*B2,
        O^(D^-1)      =  O*B2^255*J7^128*P7,
        O^E           =: O*C2,
        O^(E^-1)      =  O*C2^-1*U7,
        O^F           =  O*H7^2*I7^6*M7^2*N7^6,
        O^G           =  O*A7*E7^2*H7,
        O^H           =  O*E7^3*I7,
        O^I           =  O*B7^3*M7,
        O^J           =  O*F7^7*N7,
        O^K           =  O*K7^255*O7,
        O^L           =  O*C7^3*Q7,
        O^M           =  O*G7^7*R7,
        O^N           =  O*L7^255*S7,
        P^A           =: P*D2,
        P^B           =  P*E2,
        P^C           =  P*H2^3*I2^2*N2^3,
        P^D           =  P*W2^3*Y2^2*I3^3,
        P^(D^-1)      =  P*W2*Y2^2*I3,
        P^E           =  P*M4^3*P4^2*G5^3,
        P^(E^-1)      =  P*M4*P4^2*G5,
        Q^A           =: Q*E2,
        Q^B           =: Q*F2,
        Q^C           =  Q*J2*O2^2*Q2,
        Q^D           =  Q*Z2*J3^2*M3,
        Q^(D^-1)      =  Q*Z2^3*J3^2*M3^3,
        Q^E           =  Q*Q4*H5^2*L5,
        Q^(E^-1)      =  Q*Q4^3*H5^2*L5^3,
        R^A           =: R*G2,
        R^B           =: R*H2,
        R^C           =  R*K2,
        R^D           =  R*X2^3*B3^2*W3^3,
        R^(D^-1)      =  R*X2*B3^2*W3,
        R^E           =  R*N4^3*T4^2*C6^3,
        R^(E^-1)      =  R*N4*T4^2*C6,
        S^A           =: S*I2,
        S^B           =: S*J2,
        S^C           =  S*L2*P2^3*S2,
        S^D           =  S*C3*K3^3*P3*X3^3,
        S^(D^-1)      =  S*C3^3*K3*P3^3*X3,
        S^E           =  S*U4*I5^3*P5*D6^3,
        S^(E^-1)      =  S*U4^3*I5*P5^3*D6,
        T^A           =: T*K2,
        T^B           =: T*L2,
        T^C           =: T*M2,
        T^D           =  T*D3*Y3^2*E4,
        T^(D^-1)      =  T*D3^3*Y3^2*E4^3,
        T^E           =  T*V4*E6^2*M6,
        T^(E^-1)      =  T*V4^3*E6^2*M6^3,
        U^A           =: U*N2,
        U^B           =: U*O2,
        U^C           =: U*P2,
        U^D           =  U*A3^3*C3*P3*A4^3,
        U^(D^-1)      =  U*A3*C3^3*P3^3*A4,
        U^E           =  U*R4^3*U4*P5*H6^3,
        U^(E^-1)      =  U*R4*U4^3*P5^3*H6,
        V^A           =: V*Q2,
        V^B           =: V*R2,
        V^C           =  V*T2,
        V^D           =  V*O3^7*Q3^2*B4^7,
        V^(D^-1)      =  V*O3*Q3^6*B4,
        V^E           =  V*N5^7*Q5^2*I6^7,
        V^(E^-1)      =  V*N5*Q5^6*I6,
        W^A           =: W*S2,
        W^B           =: W*T2,
        W^C           =: W*U2,
        W^D           =  W*R3*C4^6*F4,
        W^(D^-1)      =  W*R3^7*C4^2*F4^7,
        W^E           =  W*R5*J6^6*N6,
        W^(E^-1)      =  W*R5^7*J6^2*N6^7,
        X^A           =: X*V2,
        X^B           =: X*W2,
        X^C           =: X*X2,
        X^D           =  X*E3,
        X^(D^-1)      =  X*E3^3,
        X^E           =  X*O4^3*X4^2*Z6*J7^128,
        X^(E^-1)      =  X*O4*X4^2*Z6,
        Y^A           =: Y*Y2,
        Y^B           =: Y*Z2,
        Y^C           =: Y*A3,
        Y^D           =  Y*F3*L3^3*S3,
        Y^(D^-1)      =  Y*F3^3*L3*S3^3,
        Y^E           =  Y*Y4*J5^3*T5*I7^6*N7^6,
        Y^(E^-1)      =  Y*Y4^3*J5*T5^3*I7^2*N7^2,
        Z^A           =: Z*B3,
        Z^B           =: Z*C3,
        Z^C           =: Z*D3,
        Z^D           =  Z*G3*Z3^3*H4,
        Z^(D^-1)      =  Z*G3^3*Z3*H4^3,
        Z^E           =  Z*Z4*F6^3*Q6*A7*E7^2,
        Z^(E^-1)      =  Z*Z4^3*F6*Q6^3*A7,
        A1^A           =: A1*E3,
        A1^B           =: A1*F3,
        A1^C           =: A1*G3,
        A1^D           =: A1*H3,
        A1^(D^-1)      =  A1*H3^3,
        A1^E           =  A1*A5*B7^2*M7,
        A1^(E^-1)      =  A1*A5^3*B7^2*M7^3,
        B1^A           =: B1*I3,
        B1^B           =: B1*J3,
        B1^C           =: B1*K3,
        B1^D           =: B1*L3,
        B1^(D^-1)      =  B1*L3^3,
        B1^E           =  B1*S4^3*Y4*T5*H7^2*M7^2,
        B1^(E^-1)      =  B1*S4*Y4^3*T5^3*H7^2*M7^2,
        C1^A           =: C1*M3,
        C1^B           =: C1*N3,
        C1^C           =: C1*O3,
        C1^D           =  C1*T3,
        C1^(D^-1)      =  C1*T3^7,
        C1^E           =  C1*O5^7*U5^2*D7*I7^4*J7^192*N7^4*O7^64,
        C1^(E^-1)      =  C1*O5*U5^6*D7,
        D1^A           =: D1*P3,
        D1^B           =: D1*Q3,
        D1^C           =: D1*R3,
        D1^D           =  D1*U3*D4^7*I4,
        D1^(D^-1)      =  D1*U3^7*D4*I4^7,
        D1^E           =  D1*V5*K6^7*R6*E7^3,
        D1^(E^-1)      =  D1*V5^7*K6*R6^7*E7,
        E1^A           =: E1*S3,
        E1^B           =: E1*T3,
        E1^C           =: E1*U3,
        E1^D           =: E1*V3,
        E1^(D^-1)      =  E1*V3^7,
        E1^E           =  E1*W5*F7^6*N7,
        E1^(E^-1)      =  E1*W5^7*F7^2*N7^7,
        F1^A           =: F1*W3,
        F1^B           =: F1*X3,
        F1^C           =: F1*Y3,
        F1^D           =: F1*Z3,
        F1^(D^-1)      =  F1*Z3^3,
        F1^E           =  F1*W4^3*Z4*Q6*H7^3,
        F1^(E^-1)      =  F1*W4*Z4^3*Q6^3*H7,
        G1^A           =: G1*A4,
        G1^B           =: G1*B4,
        G1^C           =: G1*C4,
        G1^D           =: G1*D4,
        G1^(D^-1)      =  G1*D4^7,
        G1^E           =  G1*S5^7*V5*R6*I7^7,
        G1^(E^-1)      =  G1*S5*V5^7*R6^7*I7,
        H1^A           =: H1*E4,
        H1^B           =: H1*F4,
        H1^C           =: H1*G4,
        H1^D           =  H1*J4,
        H1^(D^-1)      =  H1*J4^255,
        H1^E           =  H1*P6^255*S6^2*J7^255,
        H1^(E^-1)      =  H1*P6*S6^254*J7,
        I1^A           =: I1*H4,
        I1^B           =: I1*I4,
        I1^C           =: I1*J4,
        I1^D           =: I1*K4,
        I1^(D^-1)      =  I1*K4^255,
        I1^E           =  I1*T6*K7^254*O7,
        I1^(E^-1)      =  I1*T6^255*K7^2*O7^127,
        J1^A           =: J1*L4,
        J1^B           =: J1*M4,
        J1^C           =: J1*N4,
        J1^D           =: J1*O4,
        J1^(D^-1)      =  J1*O4^3,
        J1^E           =  J1*B5,
        J1^(E^-1)      =  J1*B5^3,
        K1^A           =: K1*P4,
        K1^B           =: K1*Q4,
        K1^C           =: K1*R4,
        K1^D           =: K1*S4,
        K1^(D^-1)      =  K1*S4^3,
        K1^E           =  K1*C5*K5^3*X5,
        K1^(E^-1)      =  K1*C5^3*K5*X5^3,
        L1^A           =: L1*T4,
        L1^B           =: L1*U4,
        L1^C           =: L1*V4,
        L1^D           =: L1*W4,
        L1^(D^-1)      =  L1*W4^3,
        L1^E           =  L1*D5*G6^3*U6,
        L1^(E^-1)      =  L1*D5^3*G6*U6^3,
        M1^A           =: M1*X4,
        M1^B           =: M1*Y4,
        M1^C           =: M1*Z4,
        M1^D           =: M1*A5,
        M1^(D^-1)      =  M1*A5^3,
        M1^E           =  M1*E5*C7^3*Q7,
        M1^(E^-1)      =  M1*E5^3*C7*Q7^3,
        N1^A           =: N1*B5,
        N1^B           =: N1*C5,
        N1^C           =: N1*D5,
        N1^D           =: N1*E5,
        N1^(D^-1)      =  N1*E5^3,
        N1^E           =: N1*F5,
        N1^(E^-1)      =  N1*F5^3,
        O1^A           =: O1*G5,
        O1^B           =: O1*H5,
        O1^C           =: O1*I5,
        O1^D           =: O1*J5,
        O1^(D^-1)      =  O1*J5^3,
        O1^E           =: O1*K5,
        O1^(E^-1)      =  O1*K5^3,
        P1^A           =: P1*L5,
        P1^B           =: P1*M5,
        P1^C           =: P1*N5,
        P1^D           =: P1*O5,
        P1^(D^-1)      =  P1*O5^7,
        P1^E           =  P1*Y5,
        P1^(E^-1)      =  P1*Y5^7,
        Q1^A           =: Q1*P5,
        Q1^B           =: Q1*Q5,
        Q1^C           =: Q1*R5,
        Q1^D           =: Q1*S5,
        Q1^(D^-1)      =  Q1*S5^7,
        Q1^E           =  Q1*Z5*L6^7*V6,
        Q1^(E^-1)      =  Q1*Z5^7*L6*V6^7,
        R1^A           =: R1*T5,
        R1^B           =: R1*U5,
        R1^C           =: R1*V5,
        R1^D           =: R1*W5,
        R1^(D^-1)      =  R1*W5^7,
        R1^E           =  R1*A6*G7^7*R7,
        R1^(E^-1)      =  R1*A6^7*G7*R7^7,
        S1^A           =: S1*X5,
        S1^B           =: S1*Y5,
        S1^C           =: S1*Z5,
        S1^D           =: S1*A6,
        S1^(D^-1)      =  S1*A6^7,
        S1^E           =: S1*B6,
        S1^(E^-1)      =  S1*B6^7,
        T1^A           =: T1*C6,
        T1^B           =: T1*D6,
        T1^C           =: T1*E6,
        T1^D           =: T1*F6,
        T1^(D^-1)      =  T1*F6^3,
        T1^E           =: T1*G6,
        T1^(E^-1)      =  T1*G6^3,
        U1^A           =: U1*H6,
        U1^B           =: U1*I6,
        U1^C           =: U1*J6,
        U1^D           =: U1*K6,
        U1^(D^-1)      =  U1*K6^7,
        U1^E           =: U1*L6,
        U1^(E^-1)      =  U1*L6^7,
        V1^A           =: V1*M6,
        V1^B           =: V1*N6,
        V1^C           =: V1*O6,
        V1^D           =: V1*P6,
        V1^(D^-1)      =  V1*P6^255,
        V1^E           =  V1*W6,
        V1^(E^-1)      =  V1*W6^255,
        W1^A           =: W1*Q6,
        W1^B           =: W1*R6,
        W1^C           =: W1*S6,
        W1^D           =: W1*T6,
        W1^(D^-1)      =  W1*T6^255,
        W1^E           =  W1*X6*L7^255*S7,
        W1^(E^-1)      =  W1*X6^255*L7*S7^255,
        X1^A           =: X1*U6,
        X1^B           =: X1*V6,
        X1^C           =: X1*W6,
        X1^D           =: X1*X6,
        X1^(D^-1)      =  X1*X6^255,
        X1^E           =: X1*Y6,
        X1^(E^-1)      =  X1*Y6^255,
        Y1^A           =: Y1*Z6,
        Y1^B           =  Y1*I7^2*N7^2,
        Y1^C           =: Y1*A7,
        Y1^D           =: Y1*B7,
        Y1^(D^-1)      =  Y1*B7^3,
        Y1^E           =: Y1*C7,
        Y1^(E^-1)      =  Y1*C7^3,
        Z1^A           =  Z1*H7^2*M7^2,
        Z1^B           =: Z1*D7,
        Z1^C           =: Z1*E7,
        Z1^D           =: Z1*F7,
        Z1^(D^-1)      =  Z1*F7^7,
        Z1^E           =: Z1*G7,
        Z1^(E^-1)      =  Z1*G7^7,
        A2^A           =: A2*H7,
        A2^B           =: A2*I7,
        A2^C           =: A2*J7,
        A2^D           =: A2*K7,
        A2^(D^-1)      =  A2*K7^255,
        A2^E           =: A2*L7,
        A2^(E^-1)      =  A2*L7^255,
        B2^A           =: B2*M7,
        B2^B           =: B2*N7,
        B2^C           =: B2*O7,
        B2^D           =: B2*P7,
        B2^(D^-1)      =  B2*P7^255,
        B2^E           =  B2*T7,
        B2^(E^-1)      =  B2*T7^255,
        C2^A           =: C2*Q7,
        C2^B           =: C2*R7,
        C2^C           =: C2*S7,
        C2^D           =: C2*T7,
        C2^(D^-1)      =  C2*T7^255,
        C2^E           =: C2*U7,
        C2^(E^-1)      =  C2*U7^-1 >

#    Class : 4
#    Nr of generators of each class : 5 10 40 148


#    The definitions:
#    F := [ B, A ]
#    G := [ C, A ]
#    H := [ C, B ]
#    I := [ D, A ]
#    J := [ D, B ]
#    K := [ D, C ]
#    L := [ E, A ]
#    M := [ E, B ]
#    N := [ E, C ]
#    O := [ E, D ]
#    P := [ B, A, A ]
#    Q := [ B, A, B ]
#    R := [ C, A, A ]
#    S := [ C, A, B ]
#    T := [ C, A, C ]
#    U := [ C, B, A ]
#    V := [ C, B, B ]
#    W := [ C, B, C ]
#    X := [ D, A, A ]
#    Y := [ D, A, B ]
#    Z := [ D, A, C ]
#    A1 := [ D, A, D ]
#    B1 := [ D, B, A ]
#    C1 := [ D, B, B ]
#    D1 := [ D, B, C ]
#    E1 := [ D, B, D ]
#    F1 := [ D, C, A ]
#    G1 := [ D, C, B ]
#    H1 := [ D, C, C ]
#    I1 := [ D, C, D ]
#    J1 := [ E, A, A ]
#    K1 := [ E, A, B ]
#    L1 := [ E, A, C ]
#    M1 := [ E, A, D ]
#    N1 := [ E, A, E ]
#    O1 := [ E, B, A ]
#    P1 := [ E, B, B ]
#    Q1 := [ E, B, C ]
#    R1 := [ E, B, D ]
#    S1 := [ E, B, E ]
#    T1 := [ E, C, A ]
#    U1 := [ E, C, B ]
#    V1 := [ E, C, C ]
#    W1 := [ E, C, D ]
#    X1 := [ E, C, E ]
#    Y1 := [ E, D, A ]
#    Z1 := [ E, D, B ]
#    A2 := [ E, D, C ]
#    B2 := [ E, D, D ]
#    C2 := [ E, D, E ]
#    D2 := [ B, A, A, A ]
#    E2 := [ B, A, B, A ]
#    F2 := [ B, A, B, B ]
#    G2 := [ C, A, A, A ]
#    H2 := [ C, A, A, B ]
#    I2 := [ C, A, B, A ]
#    J2 := [ C, A, B, B ]
#    K2 := [ C, A, C, A ]
#    L2 := [ C, A, C, B ]
#    M2 := [ C, A, C, C ]
#    N2 := [ C, B, A, A ]
#    O2 := [ C, B, A, B ]
#    P2 := [ C, B, A, C ]
#    Q2 := [ C, B, B, A ]
#    R2 := [ C, B, B, B ]
#    S2 := [ C, B, C, A ]
#    T2 := [ C, B, C, B ]
#    U2 := [ C, B, C, C ]
#    V2 := [ D, A, A, A ]
#    W2 := [ D, A, A, B ]
#    X2 := [ D, A, A, C ]
#    Y2 := [ D, A, B, A ]
#    Z2 := [ D, A, B, B ]
#    A3 := [ D, A, B, C ]
#    B3 := [ D, A, C, A ]
#    C3 := [ D, A, C, B ]
#    D3 := [ D, A, C, C ]
#    E3 := [ D, A, D, A ]
#    F3 := [ D, A, D, B ]
#    G3 := [ D, A, D, C ]
#    H3 := [ D, A, D, D ]
#    I3 := [ D, B, A, A ]
#    J3 := [ D, B, A, B ]
#    K3 := [ D, B, A, C ]
#    L3 := [ D, B, A, D ]
#    M3 := [ D, B, B, A ]
#    N3 := [ D, B, B, B ]
#    O3 := [ D, B, B, C ]
#    P3 := [ D, B, C, A ]
#    Q3 := [ D, B, C, B ]
#    R3 := [ D, B, C, C ]
#    S3 := [ D, B, D, A ]
#    T3 := [ D, B, D, B ]
#    U3 := [ D, B, D, C ]
#    V3 := [ D, B, D, D ]
#    W3 := [ D, C, A, A ]
#    X3 := [ D, C, A, B ]
#    Y3 := [ D, C, A, C ]
#    Z3 := [ D, C, A, D ]
#    A4 := [ D, C, B, A ]
#    B4 := [ D, C, B, B ]
#    C4 := [ D, C, B, C ]
#    D4 := [ D, C, B, D ]
#    E4 := [ D, C, C, A ]
#    F4 := [ D, C, C, B ]
#    G4 := [ D, C, C, C ]
#    H4 := [ D, C, D, A ]
#    I4 := [ D, C, D, B ]
#    J4 := [ D, C, D, C ]
#    K4 := [ D, C, D, D ]
#    L4 := [ E, A, A, A ]
#    M4 := [ E, A, A, B ]
#    N4 := [ E, A, A, C ]
#    O4 := [ E, A, A, D ]
#    P4 := [ E, A, B, A ]
#    Q4 := [ E, A, B, B ]
#    R4 := [ E, A, B, C ]
#    S4 := [ E, A, B, D ]
#    T4 := [ E, A, C, A ]
#    U4 := [ E, A, C, B ]
#    V4 := [ E, A, C, C ]
#    W4 := [ E, A, C, D ]
#    X4 := [ E, A, D, A ]
#    Y4 := [ E, A, D, B ]
#    Z4 := [ E, A, D, C ]
#    A5 := [ E, A, D, D ]
#    B5 := [ E, A, E, A ]
#    C5 := [ E, A, E, B ]
#    D5 := [ E, A, E, C ]
#    E5 := [ E, A, E, D ]
#    F5 := [ E, A, E, E ]
#    G5 := [ E, B, A, A ]
#    H5 := [ E, B, A, B ]
#    I5 := [ E, B, A, C ]
#    J5 := [ E, B, A, D ]
#    K5 := [ E, B, A, E ]
#    L5 := [ E, B, B, A ]
#    M5 := [ E, B, B, B ]
#    N5 := [ E, B, B, C ]
#    O5 := [ E, B, B, D ]
#    P5 := [ E, B, C, A ]
#    Q5 := [ E, B, C, B ]
#    R5 := [ E, B, C, C ]
#    S5 := [ E, B, C, D ]
#    T5 := [ E, B, D, A ]
#    U5 := [ E, B, D, B ]
#    V5 := [ E, B, D, C ]
#    W5 := [ E, B, D, D ]
#    X5 := [ E, B, E, A ]
#    Y5 := [ E, B, E, B ]
#    Z5 := [ E, B, E, C ]
#    A6 := [ E, B, E, D ]
#    B6 := [ E, B, E, E ]
#    C6 := [ E, C, A, A ]
#    D6 := [ E, C, A, B ]
#    E6 := [ E, C, A, C ]
#    F6 := [ E, C, A, D ]
#    G6 := [ E, C, A, E ]
#    H6 := [ E, C, B, A ]
#    I6 := [ E, C, B, B ]
#    J6 := [ E, C, B, C ]
#    K6 := [ E, C, B, D ]
#    L6 := [ E, C, B, E ]
#    M6 := [ E, C, C, A ]
#    N6 := [ E, C, C, B ]
#    O6 := [ E, C, C, C ]
#    P6 := [ E, C, C, D ]
#    Q6 := [ E, C, D, A ]
#    R6 := [ E, C, D, B ]
#    S6 := [ E, C, D, C ]
#    T6 := [ E, C, D, D ]
#    U6 := [ E, C, E, A ]
#    V6 := [ E, C, E, B ]
#    W6 := [ E, C, E, C ]
#    X6 := [ E, C, E, D ]
#    Y6 := [ E, C, E, E ]
#    Z6 := [ E, D, A, A ]
#    A7 := [ E, D, A, C ]
#    B7 := [ E, D, A, D ]
#    C7 := [ E, D, A, E ]
#    D7 := [ E, D, B, B ]
#    E7 := [ E, D, B, C ]
#    F7 := [ E, D, B, D ]
#    G7 := [ E, D, B, E ]
#    H7 := [ E, D, C, A ]
#    I7 := [ E, D, C, B ]
#    J7 := [ E, D, C, C ]
#    K7 := [ E, D, C, D ]
#    L7 := [ E, D, C, E ]
#    M7 := [ E, D, D, A ]
#    N7 := [ E, D, D, B ]
#    O7 := [ E, D, D, C ]
#    P7 := [ E, D, D, D ]
#    Q7 := [ E, D, E, A ]
#    R7 := [ E, D, E, B ]
#    S7 := [ E, D, E, C ]
#    T7 := [ E, D, E, D ]
#    U7 := [ E, D, E, E ]
#    total runtime : 91 msec
#    total size    : 0 byte
##  Total time spent in combinatorial collection: 2
##  Total time spent on integer matrices: 77
