# The Lie algebra Nilpotent Quotient Program
# for calculating nilpotent quotients in finitely presented Lie rings by Csaba Schneider.
# Program:    ./lienq, version 3.0 2017-11-27
# Machine:    wf146.di.ens.fr
# Input file: ../examples/schneider:l1.lq
# Time:       Thu Dec  7 10:34:12 2017
# Class:      10
# Flags:      -D 

# initialization finished, 0.0035s
# EvalAllRel() finished, 2.5e-05s
# ReducedPcPres() finished, 1e-05s
# The 1st factor has 2 generators of relative orders 0, 0
# AddGen() finished, 1e-05s
# Tails() finished, 3e-06s
# Consistency() finished, 3e-06s
# EvalAllRel() finished, 2e-06s
# ReducedPcPres() finished, 4e-06s
# The 2st factor has 1 generators of relative orders 0
# AddGen() finished, 7e-06s
# Tails() finished, 2e-06s
# Consistency() finished, 3e-06s
# EvalAllRel() finished, 2e-06s
# ReducedPcPres() finished, 3e-06s
# The 3rd factor has 2 generators of relative orders 0, 0
# AddGen() finished, 9e-06s
# Tails() finished, 2e-06s
# Consistency() finished, 7e-06s
# EvalAllRel() finished, 2e-06s
# ReducedPcPres() finished, 4e-06s
# The 4th factor has 3 generators of relative orders 0, 0, 0
# AddGen() finished, 1.1e-05s
# Tails() finished, 8e-06s
# Consistency() finished, 4e-06s
# EvalAllRel() finished, 2e-06s
# ReducedPcPres() finished, 5e-06s
# The 5th factor has 6 generators of relative orders 0, 0, 0, 0, 0, 0
# AddGen() finished, 1.6e-05s
# Tails() finished, 7e-06s
# Consistency() finished, 7e-06s
# EvalAllRel() finished, 2e-06s
# ReducedPcPres() finished, 7e-06s
# The 6th factor has 9 generators of relative orders 0, 0, 0, 0, 0, 0, 0, 0, 0
# AddGen() finished, 2.7e-05s
# Tails() finished, 1.3e-05s
# Consistency() finished, 1.1e-05s
# EvalAllRel() finished, 3e-06s
# ReducedPcPres() finished, 1e-05s
# The 7th factor has 18 generators of relative orders 0, 0, 0, 0, 0, 0, 0, 0, 0, 0, 0, 0, 0, 0, 0, 0, 0, 0
# AddGen() finished, 5.9e-05s
# Tails() finished, 2.5e-05s
# Consistency() finished, 2.6e-05s
# EvalAllRel() finished, 3e-06s
# ReducedPcPres() finished, 2.3e-05s
# The 8th factor has 30 generators of relative orders 0, 0, 0, 0, 0, 0, 0, 0, 0, 0, 0, 0, 0, 0, 0, 0, 0, 0, 0, 0, 0, 0, 0, 0, 0, 0, 0, 0, 0, 0
# AddGen() finished, 0.000137s
# Tails() finished, 5.2e-05s
# Consistency() finished, 5.4e-05s
# EvalAllRel() finished, 3e-06s
# ReducedPcPres() finished, 4.2e-05s
# The 9th factor has 56 generators of relative orders 0, 0, 0, 0, 0, 0, 0, 0, 0, 0, 0, 0, 0, 0, 0, 0, 0, 0, 0, 0, 0, 0, 0, 0, 0, 0, 0, 0, 0, 0, 0, 0, 0, 0, 0, 0, 0, 0, 0, 0, 0, 0, 0, 0, 0, 0, 0, 0, 0, 0, 0, 0, 0, 0, 0, 0
# AddGen() finished, 0.000387s
# Tails() finished, 0.000144s
# Consistency() finished, 0.000143s
# EvalAllRel() finished, 3e-06s
# ReducedPcPres() finished, 9.7e-05s
# The 10th factor has 99 generators of relative orders 0, 0, 0, 0, 0, 0, 0, 0, 0, 0, 0, 0, 0, 0, 0, 0, 0, 0, 0, 0, 0, 0, 0, 0, 0, 0, 0, 0, 0, 0, 0, 0, 0, 0, 0, 0, 0, 0, 0, 0, 0, 0, 0, 0, 0, 0, 0, 0, 0, 0, 0, 0, 0, 0, 0, 0, 0, 0, 0, 0, 0, 0, 0, 0, 0, 0, 0, 0, 0, 0, 0, 0, 0, 0, 0, 0, 0, 0, 0, 0, 0, 0, 0, 0, 0, 0, 0, 0, 0, 0, 0, 0, 0, 0, 0, 0, 0, 0, 0
<
# Weight 1:
 a1, a2,
# Weight 2:
 a3,
# Weight 3:
 a4, a5,
# Weight 4:
 a6, a7, a8,
# Weight 5:
 a9, a10, a11, a12, a13, a14,
# Weight 6:
 a15, a16, a17, a18, a19, a20, a21, a22, a23,
# Weight 7:
 a24, a25, a26, a27, a28, a29, a30, a31, a32, a33, a34, a35, a36, a37, a38, a39, a40, a41,
# Weight 8:
 a42, a43, a44, a45, a46, a47, a48, a49, a50, a51, a52, a53, a54, a55, a56, a57, a58, a59, a60, a61, a62, a63, a64, a65, a66, a67, a68, a69, a70, a71,
# Weight 9:
 a72, a73, a74, a75, a76, a77, a78, a79, a80, a81, a82, a83, a84, a85, a86, a87, a88, a89, a90, a91, a92, a93, a94, a95, a96, a97, a98, a99, a100, a101, a102, a103, a104, a105, a106, a107, a108, a109, a110, a111, a112, a113, a114, a115, a116, a117, a118, a119, a120, a121, a122, a123, a124, a125, a126, a127,
# Weight 10:
 a128, a129, a130, a131, a132, a133, a134, a135, a136, a137, a138, a139, a140, a141, a142, a143, a144, a145, a146, a147, a148, a149, a150, a151, a152, a153, a154, a155, a156, a157, a158, a159, a160, a161, a162, a163, a164, a165, a166, a167, a168, a169, a170, a171, a172, a173, a174, a175, a176, a177, a178, a179, a180, a181, a182, a183, a184, a185, a186, a187, a188, a189, a190, a191, a192, a193, a194, a195, a196, a197, a198, a199, a200, a201, a202, a203, a204, a205, a206, a207, a208, a209, a210, a211, a212, a213, a214, a215, a216, a217, a218, a219, a220, a221, a222, a223, a224, a225, a226 |
# The epimorphism:
#          x |--> 1*a1
#          y |--> 1*a2
# The torsion relations:
,
# The product relations:
          [ a2, a1 ] =: 1*a3,
          [ a3, a1 ] =: 1*a4,
          [ a3, a2 ] =: 1*a5,
          [ a4, a1 ] =: 1*a6,
          [ a4, a2 ] = 1*a7,
          [ a4, a3 ] = -1*a10 + 1*a11,
          [ a5, a1 ] =: 1*a7,
          [ a5, a2 ] =: 1*a8,
          [ a5, a3 ] = -1*a12 + 1*a13,
          [ a5, a4 ] = 1*a18 + -2*a19 + 1*a20,
          [ a6, a1 ] =: 1*a9,
          [ a6, a2 ] =: 1*a10,
          [ a6, a3 ] = -1*a16 + 1*a17,
          [ a6, a4 ] = 1*a25 + -3*a26 + 2*a28,
          [ a6, a5 ] = 1*a29 + -3*a30 + 3*a32 + -1*a34,
          [ a7, a1 ] =: 1*a11,
          [ a7, a2 ] =: 1*a12,
          [ a7, a3 ] = -1*a18 + 1*a19,
          [ a7, a4 ] = 1*a29 + -2*a30 + 1*a32,
          [ a7, a5 ] = -1*a31 + 2*a33 + -2*a36 + 1*a38,
          [ a7, a6 ] = -1*a48 + 3*a49 + -3*a50 + 1*a53,
          [ a8, a1 ] =: 1*a13,
          [ a8, a2 ] =: 1*a14,
          [ a8, a3 ] = -1*a21 + 1*a22,
          [ a8, a4 ] = 1*a35 + -2*a36 + 1*a38,
          [ a8, a5 ] = -1*a37 + 2*a39 + -1*a40,
          [ a8, a6 ] = -1*a58 + 3*a59 + -3*a61 + 1*a64,
          [ a8, a7 ] = 1*a60 + -2*a62 + 2*a66 + -1*a68,
          [ a9, a1 ] =: 1*a15,
          [ a9, a2 ] = 2*a16 + -1*a17,
          [ a9, a3 ] = -1*a25 + 2*a26 + -1*a28,
          [ a9, a4 ] = 1*a43 + -3*a44 + 2*a47,
          [ a9, a5 ] = -1*a48 + 4*a49 + -6*a50 + 4*a53 + -1*a57,
          [ a9, a6 ] = -1*a73 + 6*a74 + -13*a75 + 8*a80,
          [ a9, a7 ] = -1*a81 + 4*a82 + -6*a84 + 4*a86 + -1*a91,
          [ a9, a8 ] = -1*a99 + 4*a100 + -6*a102 + 4*a106 + -1*a112,
          [ a10, a1 ] =: 1*a16,
          [ a10, a2 ] = 3*a18 + -3*a19 + 1*a20,
          [ a10, a3 ] = -1*a27 + 3*a30 + -3*a32 + 1*a34,
          [ a10, a4 ] = 1*a45 + -2*a46 + 3*a50 + -3*a53 + 1*a57,
          [ a10, a5 ] = -1*a51 + 3*a54 + -2*a55 + -2*a58 + 3*a59 + -1*a61,
          [ a10, a6 ] = -1*a76 + 3*a77 + -3*a78 + 3*a86 + -3*a91 + 1*a98,
          [ a10, a7 ] = 1*a83 + -3*a85 + 3*a87 + -2*a92 + 3*a93 + -3*a95 + 2*a106 + -1*a112,
          [ a10, a8 ] = 1*a101 + -3*a103 + 3*a107 + -2*a113 + 3*a114 + -3*a116 + 1*a120,
          [ a10, a9 ] = 1*a133 + -4*a134 + 6*a135 + -4*a136 + 3*a148 + -3*a158 + 1*a170,
          [ a11, a1 ] =: 1*a17,
          [ a11, a2 ] =: 1*a18,
          [ a11, a3 ] = -1*a29 + 1*a30,
          [ a11, a4 ] = 1*a48 + -2*a49 + 1*a50,
          [ a11, a5 ] = -1*a52 + 2*a55 + -2*a61 + 1*a64,
          [ a11, a6 ] = -1*a81 + 3*a82 + -3*a84 + 1*a86,
          [ a11, a7 ] = 1*a83 + -2*a85 + 2*a88 + -1*a89,
          [ a11, a8 ] = 1*a101 + -2*a103 + -1*a104 + 4*a108 + -1*a110 + -2*a116 + 1*a120,
          [ a11, a9 ] = 1*a140 + -4*a141 + 6*a142 + -4*a145 + 1*a148,
          [ a11, a10 ] = 1*a143 + -1*a144 + -3*a146 + 4*a147 + 2*a149 + -3*a150 + -1*a152 + 2*a165 + -2*a184 + 1*a196,
          [ a12, a1 ] =: 1*a19,
          [ a12, a2 ] = 2*a21 + -1*a22,
          [ a12, a3 ] = -1*a33 + 2*a36 + -1*a38,
          [ a12, a4 ] = 1*a54 + -2*a55 + 2*a61 + -1*a64,
          [ a12, a5 ] = -1*a56 + 4*a62 + -2*a63 + -2*a65 + 1*a66,
          [ a12, a6 ] = -1*a92 + 3*a93 + -3*a95 + 2*a106 + -1*a112,
          [ a12, a7 ] = 1*a94 + -2*a96 + 4*a108 + -2*a110 + -2*a114 + 1*a116,
          [ a12, a8 ] = -1*a105 + 2*a109 + 1*a115 + -4*a117 + 1*a121 + 2*a122 + -1*a124,
          [ a12, a9 ] = 1*a159 + -4*a160 + 6*a162 + -4*a165 + 2*a184 + -1*a196,
          [ a12, a10 ] = -1*a161 + 3*a163 + -3*a166 + 4*a185 + -6*a186 + 6*a188 + -2*a192 + -2*a197 + 3*a198 + -3*a200 + 1*a204,
          [ a12, a11 ] = -1*a161 + 2*a163 + 1*a164 + -4*a167 + 1*a168 + 4*a188 + -2*a192 + -2*a200 + 1*a204,
          [ a13, a1 ] =: 1*a20,
          [ a13, a2 ] =: 1*a21,
          [ a13, a3 ] = -1*a35 + 1*a36,
          [ a13, a4 ] = 1*a58 + -2*a59 + 1*a61,
          [ a13, a5 ] = -1*a60 + 2*a62 + -1*a63,
          [ a13, a6 ] = -1*a99 + 3*a100 + -3*a102 + 1*a106,
          [ a13, a7 ] = 1*a101 + -2*a103 + 2*a108 + -1*a110,
          [ a13, a8 ] = -1*a105 + 3*a109 + -3*a111 + 3*a118 + -3*a122 + 1*a124,
          [ a13, a9 ] = 1*a171 + -4*a172 + 6*a174 + -4*a177 + 1*a184,
          [ a13, a10 ] = -1*a173 + 3*a175 + -3*a178 + 2*a185 + -3*a186 + 3*a188 + -1*a192,
          [ a13, a11 ] = -1*a173 + 2*a175 + 1*a176 + -4*a179 + 1*a181 + 2*a188 + -1*a192,
          [ a13, a12 ] = 1*a180 + -3*a182 + 2*a183 + -1*a187 + 4*a189 + -3*a190 + -1*a193 + 1*a194,
          [ a14, a1 ] =: 1*a22,
          [ a14, a2 ] =: 1*a23,
          [ a14, a3 ] = -1*a39 + 1*a40,
          [ a14, a4 ] = 1*a65 + -2*a66 + 1*a68,
          [ a14, a5 ] = -1*a67 + 2*a69 + -1*a70,
          [ a14, a6 ] = -1*a113 + 3*a114 + -3*a116 + 1*a120,
          [ a14, a7 ] = 1*a115 + -2*a117 + 2*a122 + -1*a124,
          [ a14, a8 ] = -1*a119 + 3*a123 + -3*a125 + 1*a126,
          [ a14, a9 ] = 1*a197 + -4*a198 + 6*a200 + -4*a204 + 1*a211,
          [ a14, a10 ] = -1*a199 + 3*a201 + -3*a205 + 2*a212 + -3*a213 + 3*a215 + -1*a219,
          [ a14, a11 ] = -1*a199 + 2*a201 + 1*a202 + -4*a206 + 1*a208 + 2*a215 + -1*a219,
          [ a14, a12 ] = 1*a203 + -2*a207 + -1*a214 + 4*a216 + -1*a220 + -2*a221 + 1*a223,
          [ a14, a13 ] = 1*a203 + -3*a207 + 3*a209 + -2*a210 + 3*a217 + -3*a221 + 1*a223,
          [ a15, a1 ] =: 1*a24,
          [ a15, a2 ] =: 1*a25,
          [ a15, a3 ] = -2*a43 + 5*a44 + -3*a47,
          [ a15, a4 ] = 1*a73 + -5*a74 + 10*a75 + -6*a80,
          [ a15, a5 ] = 1*a81 + -5*a82 + 10*a84 + -10*a86 + 5*a91 + -1*a98,
          [ a15, a6 ] = -1*a129 + 6*a130 + -13*a132 + 8*a139,
          [ a15, a7 ] = 1*a140 + -5*a141 + 10*a142 + -10*a145 + 5*a148 + -1*a158,
          [ a15, a8 ] = 1*a171 + -5*a172 + 10*a174 + -10*a177 + 5*a184 + -1*a196,
          [ a16, a1 ] =: 1*a26,
          [ a16, a2 ] =: 1*a27,
          [ a16, a3 ] = -1*a45 + 1*a46,
          [ a16, a4 ] = 1*a76 + -2*a77 + 1*a78,
          [ a16, a5 ] = -1*a83 + 3*a85 + -3*a87 + -1*a88 + 2*a92 + 1*a95 + -2*a100 + 3*a102 + -3*a106 + 1*a112,
          [ a16, a6 ] = -1*a133 + 3*a134 + -3*a135 + 1*a136,
          [ a16, a7 ] = 1*a143 + -3*a146 + 1*a147 + 2*a149 + -1*a152 + -2*a160 + 3*a162 + -1*a165,
          [ a16, a8 ] = -1*a173 + 3*a175 + 1*a176 + -3*a178 + -3*a179 + 2*a185 + 3*a188 + -1*a192 + -2*a198 + 3*a200 + -3*a204 + 1*a211,
          [ a17, a1 ] =: 1*a28,
          [ a17, a2 ] =: 1*a29,
          [ a17, a3 ] = -1*a48 + 1*a49,
          [ a17, a4 ] = 1*a81 + -2*a82 + 1*a84,
          [ a17, a5 ] = -1*a83 + 2*a85 + -2*a88 + 2*a95 + -2*a106 + 1*a112,
          [ a17, a6 ] = -1*a140 + 3*a141 + -3*a142 + 1*a145,
          [ a17, a7 ] = 1*a144 + -2*a147 + 2*a152 + -1*a154,
          [ a17, a8 ] = -1*a173 + 2*a175 + 2*a176 + -6*a179 + 6*a188 + -2*a192 + -2*a204 + 1*a211,
          [ a18, a1 ] =: 1*a30,
          [ a18, a2 ] =: 1*a31,
          [ a18, a3 ] = -1*a51 + 1*a52,
          [ a18, a4 ] = 1*a87 + -2*a88 + 1*a89,
          [ a18, a5 ] = -1*a90 + 2*a96 + -1*a101 + 2*a103 + 1*a104 + -2*a107 + -4*a108 + 1*a110 + 1*a113 + 2*a116 + -1*a120,
          [ a18, a6 ] = -1*a149 + 3*a150 + -3*a152 + 1*a154,
          [ a18, a7 ] = 1*a151 + -2*a153 + 2*a156 + -3*a168 + -1*a181 + 8*a188 + -2*a192 + -3*a200 + -1*a204 + 1*a211,
          [ a18, a8 ] = 1*a180 + -4*a182 + 2*a183 + 4*a189 + -3*a190 + -1*a193 + 3*a194 + -1*a199 + 2*a201 + 1*a202 + -2*a205 + -4*a206 + -2*a208 + 1*a212 + 5*a215 + -2*a219,
          [ a19, a1 ] =: 1*a32,
          [ a19, a2 ] =: 1*a33,
          [ a19, a3 ] = -1*a54 + 1*a55,
          [ a19, a4 ] = 1*a92 + -2*a93 + 1*a95,
          [ a19, a5 ] = -1*a94 + 2*a96 + -1*a97,
          [ a19, a6 ] = -1*a159 + 3*a160 + -3*a162 + 1*a165,
          [ a19, a7 ] = 1*a161 + -2*a163 + 2*a167 + -1*a168,
          [ a19, a8 ] = 1*a180 + -3*a182 + 1*a183 + -1*a187 + 4*a189 + -1*a190 + -1*a193 + 1*a194 + 1*a202 + -4*a206 + 1*a213 + 2*a215 + -1*a219,
          [ a20, a1 ] =: 1*a34,
          [ a20, a2 ] =: 1*a35,
          [ a20, a3 ] = -1*a58 + 1*a59,
          [ a20, a4 ] = 1*a99 + -2*a100 + 1*a102,
          [ a20, a5 ] = -1*a101 + 2*a103 + -1*a104,
          [ a20, a6 ] = -1*a171 + 3*a172 + -3*a174 + 1*a177,
          [ a20, a7 ] = 1*a173 + -2*a175 + 2*a179 + -1*a181,
          [ a20, a8 ] = -1*a183 + 3*a190 + -3*a194 + 3*a208 + -3*a215 + 1*a219,
          [ a21, a1 ] =: 1*a36,
          [ a21, a2 ] =: 1*a37,
          [ a21, a3 ] = -1*a62 + 1*a63,
          [ a21, a4 ] = 1*a107 + -2*a108 + 1*a110,
          [ a21, a5 ] = -1*a109 + 2*a111 + -3*a118 + 3*a122 + -1*a124,
          [ a21, a6 ] = -1*a185 + 3*a186 + -3*a188 + 1*a192,
          [ a21, a7 ] = 1*a187 + -2*a189 + 2*a194 + -3*a208 + 3*a215 + -1*a219,
          [ a21, a8 ] = -1*a191 + 3*a195 + -9*a209 + 3*a210 + 9*a216 + -3*a217 + -3*a220 + 1*a221,
          [ a22, a1 ] =: 1*a38,
          [ a22, a2 ] =: 1*a39,
          [ a22, a3 ] = -1*a65 + 1*a66,
          [ a22, a4 ] = 1*a113 + -2*a114 + 1*a116,
          [ a22, a5 ] = -1*a115 + 2*a117 + -1*a118,
          [ a22, a6 ] = -1*a197 + 3*a198 + -3*a200 + 1*a204,
          [ a22, a7 ] = 1*a199 + -2*a201 + 2*a206 + -1*a208,
          [ a22, a8 ] = -1*a203 + 3*a207 + -3*a209 + 1*a210,
          [ a23, a1 ] =: 1*a40,
          [ a23, a2 ] =: 1*a41,
          [ a23, a3 ] = -1*a69 + 1*a70,
          [ a23, a4 ] = 1*a121 + -2*a122 + 1*a124,
          [ a23, a5 ] = -1*a123 + 2*a125 + -1*a126,
          [ a23, a6 ] = -1*a212 + 3*a213 + -3*a215 + 1*a219,
          [ a23, a7 ] = 1*a214 + -2*a216 + 2*a221 + -1*a223,
          [ a23, a8 ] = -1*a218 + 3*a222 + -3*a224 + 1*a225,
          [ a24, a1 ] =: 1*a42,
          [ a24, a2 ] = 3*a43 + -5*a44 + 3*a47,
          [ a24, a3 ] = -1*a73 + 3*a74 + -5*a75 + 3*a80,
          [ a24, a4 ] = 2*a129 + -11*a130 + 23*a132 + -14*a139,
          [ a24, a5 ] = -1*a140 + 6*a141 + -15*a142 + 20*a145 + -15*a148 + 6*a158 + -1*a170,
          [ a25, a1 ] =: 1*a43,
          [ a25, a2 ] = 4*a45 + -2*a46 + -1*a48 + -3*a49 + 6*a50 + -4*a53 + 1*a57,
          [ a25, a3 ] = -5*a76 + 8*a77 + -4*a78 + 4*a81 + -7*a82 + 4*a84 + 2*a86 + -3*a91 + 1*a98,
          [ a25, a4 ] = 1*a131 + -10*a134 + 12*a135 + -6*a136 + 8*a141 + -13*a142 + 11*a145 + -2*a148 + -2*a158 + 1*a170,
          [ a25, a5 ] = -3*a143 + 1*a144 + 10*a146 + -4*a147 + -10*a149 + 4*a152 + -1*a154 + 5*a159 + -2*a165 + -2*a171 + 5*a172 + -10*a174 + 10*a177 + -3*a184,
          [ a26, a1 ] =: 1*a44,
          [ a26, a2 ] =: 1*a45,
          [ a26, a3 ] = -1*a76 + 1*a77,
          [ a26, a4 ] = 1*a133 + -2*a134 + 1*a135,
          [ a26, a5 ] = -1*a143 + -1*a144 + 3*a146 + 2*a147 + -2*a149 + -3*a150 + 4*a160 + -3*a162 + 2*a165 + -2*a174 + 3*a177 + -3*a184 + 1*a196,
          [ a27, a1 ] =: 1*a46,
          [ a27, a2 ] = 7*a51 + -3*a52 + -9*a54 + 5*a55 + 4*a58 + -4*a59 + 1*a61,
          [ a27, a3 ] = -1*a79 + 7*a88 + -3*a89 + -9*a93 + 5*a95 + 4*a100 + -4*a102 + 1*a106,
          [ a27, a4 ] = 1*a137 + -2*a138 + 7*a152 + -3*a154 + -9*a162 + 5*a165 + 4*a174 + -4*a177 + 1*a184,
          [ a27, a5 ] = -3*a151 + 5*a153 + -6*a156 + 2*a161 + -5*a166 + 6*a167 + 6*a168 + -3*a175 + -1*a176 + 6*a178 + 1*a179 + 4*a181 + 1*a185 + -6*a186 + -21*a188 + 5*a192 + -2*a197 + 5*a198 + 3*a200 + 7*a204 + -4*a211,
          [ a28, a1 ] =: 1*a47,
          [ a28, a2 ] =: 1*a48,
          [ a28, a3 ] = -1*a81 + 1*a82,
          [ a28, a4 ] = 1*a140 + -2*a141 + 1*a142,
          [ a28, a5 ] = -2*a144 + 4*a147 + -4*a152 + 1*a154 + 2*a165 + -2*a184 + 1*a196,
          [ a29, a1 ] =: 1*a49,
          [ a29, a2 ] = 2*a51 + -2*a55 + 2*a61 + -1*a64,
          [ a29, a3 ] = -1*a85 + 2*a88 + -2*a95 + 2*a106 + -1*a112,
          [ a29, a4 ] = 1*a146 + -2*a147 + 2*a152 + -2*a165 + 2*a184 + -1*a196,
          [ a29, a5 ] = -1*a151 + 2*a153 + -1*a155 + -2*a156 + -1*a161 + 2*a163 + 1*a164 + 2*a166 + -4*a167 + 4*a168 + 1*a173 + -2*a175 + -2*a176 + 6*a179 + 1*a181 + -2*a185 + -10*a188 + 2*a192 + 1*a197 + 1*a200 + 4*a204 + -2*a211,
          [ a30, a1 ] =: 1*a50,
          [ a30, a2 ] =: 1*a51,
          [ a30, a3 ] = -1*a87 + 1*a88,
          [ a30, a4 ] = 1*a149 + -2*a150 + 1*a152,
          [ a30, a5 ] = -1*a151 + 2*a153 + -3*a156 + 2*a167 + 3*a168 + -1*a176 + 2*a179 + 2*a181 + -2*a186 + -12*a188 + 3*a192 + 1*a198 + 3*a200 + 3*a204 + -2*a211,
          [ a31, a1 ] =: 1*a52,
          [ a31, a2 ] = 3*a56 + 1*a60 + -8*a62 + 2*a63 + 3*a65 + 1*a66 + -1*a68,
          [ a31, a3 ] = -1*a90 + 3*a97 + 1*a104 + -8*a108 + 2*a110 + 3*a114 + 1*a116 + -1*a120,
          [ a31, a4 ] = 1*a155 + -2*a156 + 3*a168 + 1*a181 + -8*a188 + 2*a192 + 3*a200 + 1*a204 + -1*a211,
          [ a31, a5 ] = -1*a157 + 6*a169 + 2*a182 + -4*a183 + -16*a189 + -4*a190 + 4*a193 + 16*a194 + 6*a201 + 9*a202 + 2*a205 + -22*a206 + -15*a208 + -2*a212 + 4*a213 + 24*a215 + -9*a219,
          [ a32, a1 ] =: 1*a53,
          [ a32, a2 ] =: 1*a54,
          [ a32, a3 ] = -1*a92 + 1*a93,
          [ a32, a4 ] = 1*a159 + -2*a160 + 1*a162,
          [ a32, a5 ] = -1*a161 + 2*a163 + -1*a164,
          [ a33, a1 ] =: 1*a55,
          [ a33, a2 ] =: 1*a56,
          [ a33, a3 ] = -1*a96 + 1*a97,
          [ a33, a4 ] = 1*a166 + -2*a167 + 1*a168,
          [ a33, a5 ] = -1*a169 + -1*a180 + 3*a182 + -1*a183 + -1*a187 + 4*a189 + 1*a190 + -1*a193 + -5*a194 + 1*a199 + -4*a201 + -1*a202 + 1*a205 + 6*a206 + 5*a208 + -1*a213 + -8*a215 + 3*a219,
          [ a34, a1 ] =: 1*a57,
          [ a34, a2 ] =: 1*a58,
          [ a34, a3 ] = -1*a99 + 1*a100,
          [ a34, a4 ] = 1*a171 + -2*a172 + 1*a174,
          [ a34, a5 ] = -1*a173 + 2*a175 + -1*a176,
          [ a35, a1 ] =: 1*a59,
          [ a35, a2 ] =: 1*a60,
          [ a35, a3 ] = -1*a103 + 1*a104,
          [ a35, a4 ] = 1*a178 + -2*a179 + 1*a181,
          [ a35, a5 ] = -1*a180 + 2*a182 + -1*a183,
          [ a36, a1 ] =: 1*a61,
          [ a36, a2 ] =: 1*a62,
          [ a36, a3 ] = -1*a107 + 1*a108,
          [ a36, a4 ] = 1*a185 + -2*a186 + 1*a188,
          [ a36, a5 ] = -1*a187 + 2*a189 + -1*a190,
          [ a37, a1 ] =: 1*a63,
          [ a37, a2 ] = 3*a67 + -3*a69 + 1*a70,
          [ a37, a3 ] = -1*a111 + 3*a118 + -3*a122 + 1*a124,
          [ a37, a4 ] = 1*a193 + -2*a194 + 3*a208 + -3*a215 + 1*a219,
          [ a37, a5 ] = -1*a195 + 6*a209 + -3*a210 + -6*a216 + 3*a217 + 2*a220 + -1*a221,
          [ a38, a1 ] =: 1*a64,
          [ a38, a2 ] =: 1*a65,
          [ a38, a3 ] = -1*a113 + 1*a114,
          [ a38, a4 ] = 1*a197 + -2*a198 + 1*a200,
          [ a38, a5 ] = -1*a199 + 2*a201 + -1*a202,
          [ a39, a1 ] =: 1*a66,
          [ a39, a2 ] =: 1*a67,
          [ a39, a3 ] = -1*a117 + 1*a118,
          [ a39, a4 ] = 1*a205 + -2*a206 + 1*a208,
          [ a39, a5 ] = -1*a207 + 2*a209 + -1*a210,
          [ a40, a1 ] =: 1*a68,
          [ a40, a2 ] =: 1*a69,
          [ a40, a3 ] = -1*a121 + 1*a122,
          [ a40, a4 ] = 1*a212 + -2*a213 + 1*a215,
          [ a40, a5 ] = -1*a214 + 2*a216 + -1*a217,
          [ a41, a1 ] =: 1*a70,
          [ a41, a2 ] =: 1*a71,
          [ a41, a3 ] = -1*a125 + 1*a126,
          [ a41, a4 ] = 1*a220 + -2*a221 + 1*a223,
          [ a41, a5 ] = -1*a222 + 2*a224 + -1*a225,
          [ a42, a1 ] =: 1*a72,
          [ a42, a2 ] =: 1*a73,
          [ a42, a3 ] = -3*a129 + 14*a130 + -28*a132 + 17*a139,
          [ a43, a1 ] =: 1*a74,
          [ a43, a2 ] = 5*a76 + -4*a77 + 2*a78 + -4*a81 + 6*a82 + -7*a84 + 4*a86 + -1*a91,
          [ a43, a3 ] = -1*a131 + 5*a134 + -4*a135 + 2*a136 + -4*a141 + 6*a142 + -7*a145 + 4*a148 + -1*a158,
          [ a44, a1 ] =: 1*a75,
          [ a44, a2 ] =: 1*a76,
          [ a44, a3 ] = -1*a133 + 1*a134,
          [ a45, a1 ] =: 1*a77,
          [ a45, a2 ] = 2*a79 + 1*a83 + -3*a85 + 3*a87 + -6*a88 + 3*a89 + -2*a92 + 9*a93 + -6*a95 + -2*a100 + 1*a102 + 2*a106 + -1*a112,
          [ a45, a3 ] = -3*a137 + 4*a138 + -1*a143 + 1*a144 + 3*a146 + -4*a147 + 4*a149 + -6*a150 + -3*a152 + 3*a154 + -6*a159 + 9*a160 + 6*a162 + -7*a165 + 2*a171 + -3*a172 + -3*a174 + 4*a177 + 1*a184 + -1*a196,
          [ a46, a1 ] =: 1*a78,
          [ a46, a2 ] =: 1*a79,
          [ a46, a3 ] = -1*a137 + 1*a138,
          [ a47, a1 ] =: 1*a80,
          [ a47, a2 ] =: 1*a81,
          [ a47, a3 ] = -1*a140 + 1*a141,
          [ a48, a1 ] =: 1*a82,
          [ a48, a2 ] =: 1*a83,
          [ a48, a3 ] = -1*a143 + 1*a144,
          [ a49, a1 ] =: 1*a84,
          [ a49, a2 ] =: 1*a85,
          [ a49, a3 ] = -1*a146 + 1*a147,
          [ a50, a1 ] =: 1*a86,
          [ a50, a2 ] =: 1*a87,
          [ a50, a3 ] = -1*a149 + 1*a150,
          [ a51, a1 ] =: 1*a88,
          [ a51, a2 ] = 3*a90 + -2*a96 + -3*a97 + 1*a101 + -2*a103 + -2*a104 + 2*a107 + 12*a108 + -3*a110 + -1*a113 + -3*a114 + -3*a116 + 2*a120,
          [ a51, a3 ] = -1*a153 + 3*a156 + -2*a167 + -3*a168 + 1*a176 + -2*a179 + -2*a181 + 2*a186 + 12*a188 + -3*a192 + -1*a198 + -3*a200 + -3*a204 + 2*a211,
          [ a52, a1 ] =: 1*a89,
          [ a52, a2 ] =: 1*a90,
          [ a52, a3 ] = -1*a155 + 1*a156,
          [ a53, a1 ] =: 1*a91,
          [ a53, a2 ] =: 1*a92,
          [ a53, a3 ] = -1*a159 + 1*a160,
          [ a54, a1 ] =: 1*a93,
          [ a54, a2 ] =: 1*a94,
          [ a54, a3 ] = -1*a163 + 1*a164,
          [ a55, a1 ] =: 1*a95,
          [ a55, a2 ] =: 1*a96,
          [ a55, a3 ] = -1*a166 + 1*a167,
          [ a56, a1 ] =: 1*a97,
          [ a56, a2 ] = 1*a105 + 4*a109 + -6*a111 + -4*a115 + 7*a117 + 5*a118 + -1*a121 + -8*a122 + 3*a124,
          [ a56, a3 ] = -1*a169 + 1*a183 + 4*a190 + -6*a194 + -4*a202 + 7*a206 + 5*a208 + -1*a213 + -8*a215 + 3*a219,
          [ a57, a1 ] =: 1*a98,
          [ a57, a2 ] =: 1*a99,
          [ a57, a3 ] = -1*a171 + 1*a172,
          [ a58, a1 ] =: 1*a100,
          [ a58, a2 ] =: 1*a101,
          [ a58, a3 ] = -1*a175 + 1*a176,
          [ a59, a1 ] =: 1*a102,
          [ a59, a2 ] =: 1*a103,
          [ a59, a3 ] = -1*a178 + 1*a179,
          [ a60, a1 ] =: 1*a104,
          [ a60, a2 ] =: 1*a105,
          [ a60, a3 ] = -1*a182 + 1*a183,
          [ a61, a1 ] =: 1*a106,
          [ a61, a2 ] =: 1*a107,
          [ a61, a3 ] = -1*a185 + 1*a186,
          [ a62, a1 ] =: 1*a108,
          [ a62, a2 ] =: 1*a109,
          [ a62, a3 ] = -1*a189 + 1*a190,
          [ a63, a1 ] =: 1*a110,
          [ a63, a2 ] =: 1*a111,
          [ a63, a3 ] = -1*a193 + 1*a194,
          [ a64, a1 ] =: 1*a112,
          [ a64, a2 ] =: 1*a113,
          [ a64, a3 ] = -1*a197 + 1*a198,
          [ a65, a1 ] =: 1*a114,
          [ a65, a2 ] =: 1*a115,
          [ a65, a3 ] = -1*a201 + 1*a202,
          [ a66, a1 ] =: 1*a116,
          [ a66, a2 ] =: 1*a117,
          [ a66, a3 ] = -1*a205 + 1*a206,
          [ a67, a1 ] =: 1*a118,
          [ a67, a2 ] =: 1*a119,
          [ a67, a3 ] = -1*a209 + 1*a210,
          [ a68, a1 ] =: 1*a120,
          [ a68, a2 ] =: 1*a121,
          [ a68, a3 ] = -1*a212 + 1*a213,
          [ a69, a1 ] =: 1*a122,
          [ a69, a2 ] =: 1*a123,
          [ a69, a3 ] = -1*a216 + 1*a217,
          [ a70, a1 ] =: 1*a124,
          [ a70, a2 ] =: 1*a125,
          [ a70, a3 ] = -1*a220 + 1*a221,
          [ a71, a1 ] =: 1*a126,
          [ a71, a2 ] =: 1*a127,
          [ a71, a3 ] = -1*a224 + 1*a225,
          [ a72, a1 ] =: 1*a128,
          [ a72, a2 ] = 4*a129 + -14*a130 + 28*a132 + -17*a139,
          [ a73, a1 ] =: 1*a129,
          [ a73, a2 ] = 6*a131 + -10*a133 + -10*a134 + 12*a135 + -6*a136 + 7*a140 + 3*a141 + -3*a142 + 1*a145 + 3*a148 + -3*a158 + 1*a170,
          [ a74, a1 ] =: 1*a130,
          [ a74, a2 ] =: 1*a131,
          [ a75, a1 ] =: 1*a132,
          [ a75, a2 ] =: 1*a133,
          [ a76, a1 ] =: 1*a134,
          [ a76, a2 ] = 6*a137 + -6*a138 + 3*a143 + -9*a146 + 3*a147 + -6*a149 + 18*a150 + -3*a154 + 12*a159 + -24*a160 + 6*a165 + -4*a171 + 6*a172 + 6*a174 + -10*a177 + 3*a184,
          [ a77, a1 ] =: 1*a135,
          [ a77, a2 ] = 3*a137 + -2*a138 + 1*a143 + -3*a146 + 1*a147 + -4*a149 + 9*a150 + -3*a152 + 6*a159 + -11*a160 + 3*a162 + 1*a165 + -2*a171 + 3*a172 + 1*a174 + -3*a177 + 1*a184,
          [ a78, a1 ] =: 1*a136,
          [ a78, a2 ] =: 1*a137,
          [ a79, a1 ] =: 1*a138,
          [ a79, a2 ] = 3*a151 + 9*a153 + -6*a155 + -12*a156 + -2*a161 + -18*a163 + 9*a164 + 15*a166 + 3*a167 + 15*a168 + 11*a175 + -10*a176 + -14*a178 + 17*a179 + 10*a181 + 1*a185 + -9*a186 + -63*a188 + 16*a192 + 2*a197 + 2*a198 + 18*a200 + 14*a204 + -10*a211,
          [ a80, a1 ] =: 1*a139,
          [ a80, a2 ] =: 1*a140,
          [ a81, a1 ] =: 1*a141,
          [ a81, a2 ] = 2*a143 + 1*a144 + -4*a147 + 4*a152 + -1*a154 + -2*a165 + 2*a184 + -1*a196,
          [ a82, a1 ] =: 1*a142,
          [ a82, a2 ] =: 1*a143,
          [ a83, a1 ] =: 1*a144,
          [ a83, a2 ] = 3*a151 + 3*a155 + -6*a156 + 3*a161 + -6*a163 + -3*a164 + -12*a166 + 24*a167 + -2*a173 + 4*a175 + -4*a179 + 5*a181 + 12*a185 + -12*a186 + -24*a188 + 8*a192 + -6*a197 + 6*a198 + 9*a200 + 2*a204 + -3*a211,
          [ a84, a1 ] =: 1*a145,
          [ a84, a2 ] =: 1*a146,
          [ a85, a1 ] =: 1*a147,
          [ a85, a2 ] = 1*a151 + 2*a153 + 1*a155 + -4*a156 + 1*a161 + -2*a163 + -1*a164 + -6*a166 + 10*a167 + 2*a168 + -1*a173 + 2*a175 + -2*a179 + 3*a181 + 6*a185 + -6*a186 + -14*a188 + 4*a192 + -3*a197 + 3*a198 + 5*a200 + 2*a204 + -2*a211,
          [ a86, a1 ] =: 1*a148,
          [ a86, a2 ] =: 1*a149,
          [ a87, a1 ] =: 1*a150,
          [ a87, a2 ] =: 1*a151,
          [ a88, a1 ] =: 1*a152,
          [ a88, a2 ] =: 1*a153,
          [ a89, a1 ] =: 1*a154,
          [ a89, a2 ] =: 1*a155,
          [ a90, a1 ] =: 1*a156,
          [ a90, a2 ] =: 1*a157,
          [ a91, a1 ] =: 1*a158,
          [ a91, a2 ] =: 1*a159,
          [ a92, a1 ] =: 1*a160,
          [ a92, a2 ] =: 1*a161,
          [ a93, a1 ] =: 1*a162,
          [ a93, a2 ] =: 1*a163,
          [ a94, a1 ] =: 1*a164,
          [ a94, a2 ] = 6*a169 + 2*a180 + -6*a182 + 4*a187 + -16*a189 + -10*a190 + 4*a193 + 26*a194 + -3*a199 + 12*a201 + 10*a202 + -3*a205 + -28*a206 + -25*a208 + 4*a213 + 38*a215 + -14*a219,
          [ a95, a1 ] =: 1*a165,
          [ a95, a2 ] =: 1*a166,
          [ a96, a1 ] =: 1*a167,
          [ a96, a2 ] = 3*a169 + 1*a180 + -3*a182 + 1*a187 + -4*a189 + -5*a190 + 1*a193 + 11*a194 + -1*a199 + 4*a201 + 5*a202 + -1*a205 + -13*a206 + -10*a208 + 2*a213 + 16*a215 + -6*a219,
          [ a97, a1 ] =: 1*a168,
          [ a97, a2 ] =: 1*a169,
          [ a98, a1 ] =: 1*a170,
          [ a98, a2 ] =: 1*a171,
          [ a99, a1 ] =: 1*a172,
          [ a99, a2 ] =: 1*a173,
          [ a100, a1 ] =: 1*a174,
          [ a100, a2 ] =: 1*a175,
          [ a101, a1 ] =: 1*a176,
          [ a101, a2 ] = 3*a180 + -3*a182 + 2*a183 + -3*a190 + 3*a194 + -3*a208 + 3*a215 + -1*a219,
          [ a102, a1 ] =: 1*a177,
          [ a102, a2 ] =: 1*a178,
          [ a103, a1 ] =: 1*a179,
          [ a103, a2 ] =: 1*a180,
          [ a104, a1 ] =: 1*a181,
          [ a104, a2 ] =: 1*a182,
          [ a105, a1 ] =: 1*a183,
          [ a105, a2 ] = 4*a191 + -6*a195 + 1*a203 + -3*a207 + 15*a209 + -5*a210 + -12*a216 + 6*a217 + 4*a220 + -4*a221 + 1*a223,
          [ a106, a1 ] =: 1*a184,
          [ a106, a2 ] =: 1*a185,
          [ a107, a1 ] =: 1*a186,
          [ a107, a2 ] =: 1*a187,
          [ a108, a1 ] =: 1*a188,
          [ a108, a2 ] =: 1*a189,
          [ a109, a1 ] =: 1*a190,
          [ a109, a2 ] =: 1*a191,
          [ a110, a1 ] =: 1*a192,
          [ a110, a2 ] =: 1*a193,
          [ a111, a1 ] =: 1*a194,
          [ a111, a2 ] =: 1*a195,
          [ a112, a1 ] =: 1*a196,
          [ a112, a2 ] =: 1*a197,
          [ a113, a1 ] =: 1*a198,
          [ a113, a2 ] =: 1*a199,
          [ a114, a1 ] =: 1*a200,
          [ a114, a2 ] =: 1*a201,
          [ a115, a1 ] =: 1*a202,
          [ a115, a2 ] =: 1*a203,
          [ a116, a1 ] =: 1*a204,
          [ a116, a2 ] =: 1*a205,
          [ a117, a1 ] =: 1*a206,
          [ a117, a2 ] =: 1*a207,
          [ a118, a1 ] =: 1*a208,
          [ a118, a2 ] =: 1*a209,
          [ a119, a1 ] =: 1*a210,
          [ a119, a2 ] = 4*a218 + -6*a222 + 4*a224 + -1*a225,
          [ a120, a1 ] =: 1*a211,
          [ a120, a2 ] =: 1*a212,
          [ a121, a1 ] =: 1*a213,
          [ a121, a2 ] =: 1*a214,
          [ a122, a1 ] =: 1*a215,
          [ a122, a2 ] =: 1*a216,
          [ a123, a1 ] =: 1*a217,
          [ a123, a2 ] =: 1*a218,
          [ a124, a1 ] =: 1*a219,
          [ a124, a2 ] =: 1*a220,
          [ a125, a1 ] =: 1*a221,
          [ a125, a2 ] =: 1*a222,
          [ a126, a1 ] =: 1*a223,
          [ a126, a2 ] =: 1*a224,
          [ a127, a1 ] =: 1*a225,
          [ a127, a2 ] =: 1*a226 >
# main() finished, 0.00154s
